<?xml version="1.0" encoding="UTF-8"?>
<!-- Generated by org.testng.reporters.JUnitReportReporter -->
<testsuite hostname="DESKTOP-02956BS" failures="0" tests="1" name="Practice.ReadDataFromCmdLine" time="0.013" errors="0" timestamp="2022-09-15T22:32:46 IST" skipped="0">
  <testcase classname="Practice.ReadDataFromCmdLine" name="readData" time="0.013"/>
  <system-out/>
</testsuite> <!-- Practice.ReadDataFromCmdLine -->
