<?xml version="1.0" encoding="UTF-8"?>
<!-- Generated by org.testng.reporters.JUnitReportReporter -->
<testsuite hostname="DESKTOP-02956BS" failures="0" tests="1" name="Practice.ContactTest" time="0.022" errors="0" timestamp="2022-09-20T19:46:42 IST" skipped="0">
  <testcase classname="Practice.ContactTest" name="Contact" time="0.022"/>
  <system-out/>
</testsuite> <!-- Practice.ContactTest -->
