<?xml version="1.0" encoding="UTF-8"?>
<!-- Generated by org.testng.reporters.JUnitReportReporter -->
<testsuite hostname="DESKTOP-02956BS" failures="0" tests="1" name="Practice.DemoTest" time="0.013" errors="0" timestamp="2022-09-15T17:53:04 IST" skipped="0">
  <testcase classname="Practice.DemoTest" name="Demo" time="0.013"/>
  <system-out>
    <![CDATA[This is Demo]]>
  </system-out>
</testsuite> <!-- Practice.DemoTest -->
