<?xml version="1.0" encoding="UTF-8"?>
<!-- Generated by org.testng.reporters.JUnitReportReporter -->
<testsuite hostname="DESKTOP-02956BS" failures="0" tests="1" name="Practice.SampleTest" time="0.004" errors="0" timestamp="2022-09-15T17:53:04 IST" skipped="0">
  <testcase classname="Practice.SampleTest" name="sampleTest" time="0.004"/>
  <system-out>
    <![CDATA[This is Sample Test]]>
  </system-out>
</testsuite> <!-- Practice.SampleTest -->
